<?xml version="1.0" encoding="UTF-8"?>
<testng-results skipped="0" failed="0" ignored="0" total="1" passed="1">
  <reporter-output>
  </reporter-output>
  <suite name="Default suite" duration-ms="12614" started-at="2018-05-25T05:59:35Z" finished-at="2018-05-25T05:59:47Z">
    <groups>
    </groups>
    <test name="Default test" duration-ms="12614" started-at="2018-05-25T05:59:35Z" finished-at="2018-05-25T05:59:47Z">
      <class name="login.NewTest">
        <test-method status="PASS" signature="beforeClass()[pri:0, instance:login.NewTest@5e3a8624]" name="beforeClass" is-config="true" duration-ms="3377" started-at="2018-05-25T05:59:35Z" finished-at="2018-05-25T05:59:38Z">
          <reporter-output>
          </reporter-output>
        </test-method> <!-- beforeClass -->
        <test-method status="PASS" signature="f()[pri:0, instance:login.NewTest@5e3a8624]" name="f" duration-ms="7530" started-at="2018-05-25T05:59:38Z" finished-at="2018-05-25T05:59:46Z">
          <reporter-output>
          </reporter-output>
        </test-method> <!-- f -->
        <test-method status="PASS" signature="afterClass()[pri:0, instance:login.NewTest@5e3a8624]" name="afterClass" is-config="true" duration-ms="1686" started-at="2018-05-25T05:59:46Z" finished-at="2018-05-25T05:59:47Z">
          <reporter-output>
          </reporter-output>
        </test-method> <!-- afterClass -->
      </class> <!-- login.NewTest -->
    </test> <!-- Default test -->
  </suite> <!-- Default suite -->
</testng-results>
